  0. ./treecmp.rf-random.txt
  1. ./treecmp.rf.txt
         Tree  Tree_taxa  RefTree_taxa  Common_taxa   R-F
0           1        109           109          109  93.0
1           2        109           109          109  93.0
2           3        109           109          109  92.0
3           4        109           109          109  93.0
4           5        109           109          109  93.0
5           6        109           109          109  93.0
6           7        109           109          109  93.0
7           8        109           109          109  92.0
8           9        109           109          109  93.0
9          10        109           109          109  93.0
10         11        109           109          109  93.0
11         12        109           109          109  93.0
12         13        109           109          109  93.0
13         14        109           109          109  92.0
14         15        109           109          109  92.0
15         16        109           109          109  93.0
16         17        109           109          109  93.0
17         18        109           109          109  93.0
18         19        109           109          109  92.0
19         20        109           109          109  92.0
20         21        109           109          109  92.0
21         22        109           109          109  93.0
22         23        109           109          109  93.0
23         24        109           109          109  93.0
24         25        109           109          109  92.0
25         26        109           109          109  93.0
26         27        109           109          109  93.0
27         28        109           109          109  93.0
28         29        109           109          109  93.0
29         30        109           109          109  93.0
...       ...        ...           ...          ...   ...
99970   99971        109           109          109  93.0
99971   99972        109           109          109  93.0
99972   99973        109           109          109  93.0
99973   99974        109           109          109  93.0
99974   99975        109           109          109  93.0
99975   99976        109           109          109  93.0
99976   99977        109           109          109  93.0
99977   99978        109           109          109  90.0
99978   99979        109           109          109  93.0
99979   99980        109           109          109  93.0
99980   99981        109           109          109  92.0
99981   99982        109           109          109  92.0
99982   99983        109           109          109  93.0
99983   99984        109           109          109  93.0
99984   99985        109           109          109  93.0
99985   99986        109           109          109  93.0
99986   99987        109           109          109  93.0
99987   99988        109           109          109  93.0
99988   99989        109           109          109  92.0
99989   99990        109           109          109  93.0
99990   99991        109           109          109  93.0
99991   99992        109           109          109  93.0
99992   99993        109           109          109  93.0
99993   99994        109           109          109  93.0
99994   99995        109           109          109  93.0
99995   99996        109           109          109  93.0
99996   99997        109           109          109  93.0
99997   99998        109           109          109  93.0
99998   99999        109           109          109  93.0
99999  100000        109           109          109  91.0

[100000 rows x 5 columns]
  ---------------------> 
  0. Accept Table
  1. Set Delimiter    ['\t']
  2. Set Index Column [None]
  3. Set Skip Rows    [0]   
  --- Input Integer --->          Tree  Tree_taxa  RefTree_taxa  Common_taxa   R-F
0           1        109           109          109  93.0
1           2        109           109          109  93.0
2           3        109           109          109  92.0
3           4        109           109          109  93.0
4           5        109           109          109  93.0
5           6        109           109          109  93.0
6           7        109           109          109  93.0
7           8        109           109          109  92.0
8           9        109           109          109  93.0
9          10        109           109          109  93.0
10         11        109           109          109  93.0
11         12        109           109          109  93.0
12         13        109           109          109  93.0
13         14        109           109          109  92.0
14         15        109           109          109  92.0
15         16        109           109          109  93.0
16         17        109           109          109  93.0
17         18        109           109          109  93.0
18         19        109           109          109  92.0
19         20        109           109          109  92.0
20         21        109           109          109  92.0
21         22        109           109          109  93.0
22         23        109           109          109  93.0
23         24        109           109          109  93.0
24         25        109           109          109  92.0
25         26        109           109          109  93.0
26         27        109           109          109  93.0
27         28        109           109          109  93.0
28         29        109           109          109  93.0
29         30        109           109          109  93.0
...       ...        ...           ...          ...   ...
99970   99971        109           109          109  93.0
99971   99972        109           109          109  93.0
99972   99973        109           109          109  93.0
99973   99974        109           109          109  93.0
99974   99975        109           109          109  93.0
99975   99976        109           109          109  93.0
99976   99977        109           109          109  93.0
99977   99978        109           109          109  90.0
99978   99979        109           109          109  93.0
99979   99980        109           109          109  93.0
99980   99981        109           109          109  92.0
99981   99982        109           109          109  92.0
99982   99983        109           109          109  93.0
99983   99984        109           109          109  93.0
99984   99985        109           109          109  93.0
99985   99986        109           109          109  93.0
99986   99987        109           109          109  93.0
99987   99988        109           109          109  93.0
99988   99989        109           109          109  92.0
99989   99990        109           109          109  93.0
99990   99991        109           109          109  93.0
99991   99992        109           109          109  93.0
99992   99993        109           109          109  93.0
99993   99994        109           109          109  93.0
99994   99995        109           109          109  93.0
99995   99996        109           109          109  93.0
99996   99997        109           109          109  93.0
99997   99998        109           109          109  93.0
99998   99999        109           109          109  93.0
99999  100000        109           109          109  91.0

[100000 rows x 5 columns]
  ---------------------> 
  0. Accept Table
  1. Set Delimiter    ['\t']
  2. Set Index Column [None]
  3. Set Skip Rows    [0]   
  --- Input Integer ---> 